<?xml version="1.0" encoding="UTF-8"?>
<!-- Generated by org.testng.reporters.JUnitReportReporter -->
<testsuite hostname="IB-SEZ-LAP-984" failures="0" tests="5" name="com.floridapublicnotices.testcases.SearchAdds" time="311.030" errors="0" timestamp="2022-01-27T18:24:15 IST" skipped="0">
  <testcase classname="com.floridapublicnotices.testcases.SearchAdds" name="Check_Add_ByDate" time="16.892"/>
  <system-out/>
  <testcase classname="com.floridapublicnotices.testcases.SearchAdds" name="Check_Add_ByPublication" time="45.769"/>
  <system-out/>
  <testcase classname="com.floridapublicnotices.testcases.SearchAdds" name="Check_Add_Miami" time="99.305"/>
  <system-out/>
  <testcase classname="com.floridapublicnotices.testcases.SearchAdds" name="Check_Add_Palm" time="74.076"/>
  <system-out/>
  <testcase classname="com.floridapublicnotices.testcases.SearchAdds" name="Check_Add_Broward" time="74.988"/>
  <system-out/>
</testsuite> <!-- com.floridapublicnotices.testcases.SearchAdds -->
