<?xml version="1.0" encoding="UTF-8"?>
<!-- Generated by org.testng.reporters.JUnitReportReporter -->
<testsuite hostname="IB-SEZ-LAP-793" failures="0" tests="5" name="com.floridapublicnotices.testcases.SearchAdds" time="369.095" errors="0" timestamp="2021-12-06T15:40:04 IST" skipped="0">
  <testcase classname="com.floridapublicnotices.testcases.SearchAdds" name="Check_Add_ByDate" time="36.212"/>
  <system-out/>
  <testcase classname="com.floridapublicnotices.testcases.SearchAdds" name="Check_Add_ByPublication" time="55.208"/>
  <system-out/>
  <testcase classname="com.floridapublicnotices.testcases.SearchAdds" name="Check_Add_Miami" time="107.633"/>
  <system-out/>
  <testcase classname="com.floridapublicnotices.testcases.SearchAdds" name="Check_Add_Palm" time="86.119"/>
  <system-out/>
  <testcase classname="com.floridapublicnotices.testcases.SearchAdds" name="Check_Add_Broward" time="83.923"/>
  <system-out/>
</testsuite> <!-- com.floridapublicnotices.testcases.SearchAdds -->
