<?xml version="1.0" encoding="UTF-8"?>
<!-- Generated by org.testng.reporters.JUnitReportReporter -->
<testsuite hostname="IB-SEZ-LAP-984" failures="0" tests="5" name="com.floridapublicnotices.testcases.SearchAdds" time="308.238" errors="0" timestamp="2022-02-03T15:50:25 IST" skipped="0">
  <testcase classname="com.floridapublicnotices.testcases.SearchAdds" name="Check_Add_ByDate" time="19.455"/>
  <system-out/>
  <testcase classname="com.floridapublicnotices.testcases.SearchAdds" name="Check_Add_ByPublication" time="41.969"/>
  <system-out/>
  <testcase classname="com.floridapublicnotices.testcases.SearchAdds" name="Check_Add_Miami" time="99.001"/>
  <system-out/>
  <testcase classname="com.floridapublicnotices.testcases.SearchAdds" name="Check_Add_Palm" time="73.976"/>
  <system-out/>
  <testcase classname="com.floridapublicnotices.testcases.SearchAdds" name="Check_Add_Broward" time="73.837"/>
  <system-out/>
</testsuite> <!-- com.floridapublicnotices.testcases.SearchAdds -->
